app/build/intermediates/manifest_merge_blame_file/debug/manifest-merger-blame-debug-report.txt
1<?xml version="1.0" encoding="utf-8"?>
2<manifest xmlns:android="http://schemas.android.com/apk/res/android"
3    package="com.example.myapplication"
4    android:versionCode="1"
5    android:versionName="1.0" >
6
7    <uses-sdk
8        android:minSdkVersion="19"
8-->src\main\AndroidManifest.xml
9        android:targetSdkVersion="29" />
9-->src\main\AndroidManifest.xml
10
11    <uses-permission android:name="android.permission.READ_EXTERNAL_STORAGE" />
11-->src\main\AndroidManifest.xml:5:5-80
11-->src\main\AndroidManifest.xml:5:22-77
12    <uses-permission android:name="android.permission.RECORD_AUDIO" />
12-->src\main\AndroidManifest.xml:6:5-71
12-->src\main\AndroidManifest.xml:6:22-68
13    <uses-permission android:name="android.permission.INTERNET" />
13-->src\main\AndroidManifest.xml:7:5-67
13-->src\main\AndroidManifest.xml:7:22-64
14    <uses-permission android:name="android.permission.ACCESS_NETWORK_STATE" />
14-->[com.google.firebase:firebase-auth:21.0.1] AndroidManifest.xml:24:5-79
14-->[com.google.firebase:firebase-auth:21.0.1] AndroidManifest.xml:24:22-76
15
16    <application
16-->src\main\AndroidManifest.xml:9:5-29:19
17        android:allowBackup="true"
17-->src\main\AndroidManifest.xml:10:9-35
18        android:appComponentFactory="androidx.core.app.CoreComponentFactory"
18-->[androidx.core:core:1.3.1] AndroidManifest.xml:24:18-86
19        android:debuggable="true"
20        android:icon="@mipmap/ic_launcher"
20-->src\main\AndroidManifest.xml:11:9-43
21        android:label="AI Music"
21-->src\main\AndroidManifest.xml:12:9-33
22        android:roundIcon="@mipmap/ic_launcher_round"
22-->src\main\AndroidManifest.xml:13:9-54
23        android:supportsRtl="true"
23-->src\main\AndroidManifest.xml:14:9-35
24        android:testOnly="true"
25        android:theme="@style/Theme.MyApplication" >
25-->src\main\AndroidManifest.xml:15:9-51
26        <activity android:name="com.example.myapplication.SplashScreen" >
26-->src\main\AndroidManifest.xml:16:9-22:20
26-->src\main\AndroidManifest.xml:16:19-47
27            <intent-filter>
27-->src\main\AndroidManifest.xml:17:13-21:29
28                <action android:name="android.intent.action.MAIN" />
28-->src\main\AndroidManifest.xml:18:17-69
28-->src\main\AndroidManifest.xml:18:25-66
29
30                <category android:name="android.intent.category.LAUNCHER" />
30-->src\main\AndroidManifest.xml:20:17-77
30-->src\main\AndroidManifest.xml:20:27-74
31            </intent-filter>
32        </activity>
33        <activity android:name="com.example.myapplication.Stream" />
33-->src\main\AndroidManifest.xml:23:9-53
33-->src\main\AndroidManifest.xml:23:19-41
34        <activity android:name="com.example.myapplication.LoginActivity" >
34-->src\main\AndroidManifest.xml:24:9-26:20
34-->src\main\AndroidManifest.xml:24:19-48
35        </activity>
36        <activity android:name="com.example.myapplication.PlayerActivity" />
36-->src\main\AndroidManifest.xml:27:9-52
36-->src\main\AndroidManifest.xml:27:19-49
37        <activity android:name="com.example.myapplication.MainActivity" />
37-->src\main\AndroidManifest.xml:28:9-59
37-->src\main\AndroidManifest.xml:28:19-47
38        <activity
38-->[com.karumi:dexter:6.2.2] AndroidManifest.xml:27:9-29:72
39            android:name="com.karumi.dexter.DexterActivity"
39-->[com.karumi:dexter:6.2.2] AndroidManifest.xml:28:13-60
40            android:theme="@style/Dexter.Internal.Theme.Transparent" />
40-->[com.karumi:dexter:6.2.2] AndroidManifest.xml:29:13-69
41        <activity
41-->[com.google.firebase:firebase-auth:21.0.1] AndroidManifest.xml:27:9-44:20
42            android:name="com.google.firebase.auth.internal.GenericIdpActivity"
42-->[com.google.firebase:firebase-auth:21.0.1] AndroidManifest.xml:28:13-80
43            android:excludeFromRecents="true"
43-->[com.google.firebase:firebase-auth:21.0.1] AndroidManifest.xml:29:13-46
44            android:exported="true"
44-->[com.google.firebase:firebase-auth:21.0.1] AndroidManifest.xml:30:13-36
45            android:launchMode="singleTask"
45-->[com.google.firebase:firebase-auth:21.0.1] AndroidManifest.xml:31:13-44
46            android:theme="@android:style/Theme.Translucent.NoTitleBar" >
46-->[com.google.firebase:firebase-auth:21.0.1] AndroidManifest.xml:32:13-72
47            <intent-filter>
47-->[com.google.firebase:firebase-auth:21.0.1] AndroidManifest.xml:33:13-43:29
48                <action android:name="android.intent.action.VIEW" />
48-->[com.google.firebase:firebase-auth:21.0.1] AndroidManifest.xml:34:17-69
48-->[com.google.firebase:firebase-auth:21.0.1] AndroidManifest.xml:34:25-66
49
50                <category android:name="android.intent.category.DEFAULT" />
50-->[com.google.firebase:firebase-auth:21.0.1] AndroidManifest.xml:36:17-76
50-->[com.google.firebase:firebase-auth:21.0.1] AndroidManifest.xml:36:27-73
51                <category android:name="android.intent.category.BROWSABLE" />
51-->[com.google.firebase:firebase-auth:21.0.1] AndroidManifest.xml:37:17-78
51-->[com.google.firebase:firebase-auth:21.0.1] AndroidManifest.xml:37:27-75
52
53                <data
53-->[com.google.firebase:firebase-auth:21.0.1] AndroidManifest.xml:39:17-42:51
54                    android:host="firebase.auth"
54-->[com.google.firebase:firebase-auth:21.0.1] AndroidManifest.xml:40:21-49
55                    android:path="/"
55-->[com.google.firebase:firebase-auth:21.0.1] AndroidManifest.xml:41:21-37
56                    android:scheme="genericidp" />
56-->[com.google.firebase:firebase-auth:21.0.1] AndroidManifest.xml:42:21-48
57            </intent-filter>
58        </activity>
59        <activity
59-->[com.google.firebase:firebase-auth:21.0.1] AndroidManifest.xml:45:9-62:20
60            android:name="com.google.firebase.auth.internal.RecaptchaActivity"
60-->[com.google.firebase:firebase-auth:21.0.1] AndroidManifest.xml:46:13-79
61            android:excludeFromRecents="true"
61-->[com.google.firebase:firebase-auth:21.0.1] AndroidManifest.xml:47:13-46
62            android:exported="true"
62-->[com.google.firebase:firebase-auth:21.0.1] AndroidManifest.xml:48:13-36
63            android:launchMode="singleTask"
63-->[com.google.firebase:firebase-auth:21.0.1] AndroidManifest.xml:49:13-44
64            android:theme="@android:style/Theme.Translucent.NoTitleBar" >
64-->[com.google.firebase:firebase-auth:21.0.1] AndroidManifest.xml:50:13-72
65            <intent-filter>
65-->[com.google.firebase:firebase-auth:21.0.1] AndroidManifest.xml:51:13-61:29
66                <action android:name="android.intent.action.VIEW" />
66-->[com.google.firebase:firebase-auth:21.0.1] AndroidManifest.xml:34:17-69
66-->[com.google.firebase:firebase-auth:21.0.1] AndroidManifest.xml:34:25-66
67
68                <category android:name="android.intent.category.DEFAULT" />
68-->[com.google.firebase:firebase-auth:21.0.1] AndroidManifest.xml:36:17-76
68-->[com.google.firebase:firebase-auth:21.0.1] AndroidManifest.xml:36:27-73
69                <category android:name="android.intent.category.BROWSABLE" />
69-->[com.google.firebase:firebase-auth:21.0.1] AndroidManifest.xml:37:17-78
69-->[com.google.firebase:firebase-auth:21.0.1] AndroidManifest.xml:37:27-75
70
71                <data
71-->[com.google.firebase:firebase-auth:21.0.1] AndroidManifest.xml:39:17-42:51
72                    android:host="firebase.auth"
72-->[com.google.firebase:firebase-auth:21.0.1] AndroidManifest.xml:40:21-49
73                    android:path="/"
73-->[com.google.firebase:firebase-auth:21.0.1] AndroidManifest.xml:41:21-37
74                    android:scheme="recaptcha" />
74-->[com.google.firebase:firebase-auth:21.0.1] AndroidManifest.xml:42:21-48
75            </intent-filter>
76        </activity>
77
78        <service
78-->[com.google.firebase:firebase-auth:21.0.1] AndroidManifest.xml:64:9-73:19
79            android:name="com.google.firebase.auth.api.fallback.service.FirebaseAuthFallbackService"
79-->[com.google.firebase:firebase-auth:21.0.1] AndroidManifest.xml:65:13-101
80            android:enabled="true"
80-->[com.google.firebase:firebase-auth:21.0.1] AndroidManifest.xml:66:13-35
81            android:exported="false" >
81-->[com.google.firebase:firebase-auth:21.0.1] AndroidManifest.xml:67:13-37
82            <intent-filter>
82-->[com.google.firebase:firebase-auth:21.0.1] AndroidManifest.xml:68:13-72:29
83                <action android:name="com.google.firebase.auth.api.gms.service.START" />
83-->[com.google.firebase:firebase-auth:21.0.1] AndroidManifest.xml:69:17-89
83-->[com.google.firebase:firebase-auth:21.0.1] AndroidManifest.xml:69:25-86
84
85                <category android:name="android.intent.category.DEFAULT" />
85-->[com.google.firebase:firebase-auth:21.0.1] AndroidManifest.xml:36:17-76
85-->[com.google.firebase:firebase-auth:21.0.1] AndroidManifest.xml:36:27-73
86            </intent-filter>
87        </service>
88        <service
88-->[com.google.firebase:firebase-auth:21.0.1] AndroidManifest.xml:74:9-80:19
89            android:name="com.google.firebase.components.ComponentDiscoveryService"
89-->[com.google.firebase:firebase-auth:21.0.1] AndroidManifest.xml:75:13-84
90            android:directBootAware="true"
90-->[com.google.firebase:firebase-common:20.0.0] AndroidManifest.xml:35:13-43
91            android:exported="false" >
91-->[com.google.firebase:firebase-auth:21.0.1] AndroidManifest.xml:76:13-37
92            <meta-data
92-->[com.google.firebase:firebase-auth:21.0.1] AndroidManifest.xml:77:13-79:85
93                android:name="com.google.firebase.components:com.google.firebase.auth.FirebaseAuthRegistrar"
93-->[com.google.firebase:firebase-auth:21.0.1] AndroidManifest.xml:78:17-109
94                android:value="com.google.firebase.components.ComponentRegistrar" />
94-->[com.google.firebase:firebase-auth:21.0.1] AndroidManifest.xml:79:17-82
95            <meta-data
95-->[com.google.firebase:firebase-database:19.7.0] AndroidManifest.xml:32:13-34:85
96                android:name="com.google.firebase.components:com.google.firebase.database.DatabaseRegistrar"
96-->[com.google.firebase:firebase-database:19.7.0] AndroidManifest.xml:33:17-109
97                android:value="com.google.firebase.components.ComponentRegistrar" />
97-->[com.google.firebase:firebase-database:19.7.0] AndroidManifest.xml:34:17-82
98        </service>
99
100        <activity
100-->[com.google.android.gms:play-services-base:17.1.0] AndroidManifest.xml:23:9-26:75
101            android:name="com.google.android.gms.common.api.GoogleApiActivity"
101-->[com.google.android.gms:play-services-base:17.1.0] AndroidManifest.xml:24:13-79
102            android:exported="false"
102-->[com.google.android.gms:play-services-base:17.1.0] AndroidManifest.xml:25:13-37
103            android:theme="@android:style/Theme.Translucent.NoTitleBar" />
103-->[com.google.android.gms:play-services-base:17.1.0] AndroidManifest.xml:26:13-72
104
105        <provider
105-->[com.google.firebase:firebase-common:20.0.0] AndroidManifest.xml:26:9-31:39
106            android:name="com.google.firebase.provider.FirebaseInitProvider"
106-->[com.google.firebase:firebase-common:20.0.0] AndroidManifest.xml:27:13-77
107            android:authorities="com.example.myapplication.firebaseinitprovider"
107-->[com.google.firebase:firebase-common:20.0.0] AndroidManifest.xml:28:13-72
108            android:directBootAware="true"
108-->[com.google.firebase:firebase-common:20.0.0] AndroidManifest.xml:29:13-43
109            android:exported="false"
109-->[com.google.firebase:firebase-common:20.0.0] AndroidManifest.xml:30:13-37
110            android:initOrder="100" />
110-->[com.google.firebase:firebase-common:20.0.0] AndroidManifest.xml:31:13-36
111
112        <meta-data
112-->[com.google.android.gms:play-services-basement:17.1.0] AndroidManifest.xml:23:9-25:69
113            android:name="com.google.android.gms.version"
113-->[com.google.android.gms:play-services-basement:17.1.0] AndroidManifest.xml:24:13-58
114            android:value="@integer/google_play_services_version" />
114-->[com.google.android.gms:play-services-basement:17.1.0] AndroidManifest.xml:25:13-66
115    </application>
116
117</manifest>